<?xml version="1.0" encoding="UTF-8"?>
<testsuites name="Search" time="29.184" tests="2" failures="1" errors="0">
   <testsuite name="Search" tests="2" failures="1" errors="0" time="29.184" skipped="0" timestamp="05-09-2024T22:12:03" hostname="dudu - dungs-air" id="Test Suites/Searching/Search">
      <properties>
         <property name="deviceName" value=""/>
         <property name="devicePlatform"/>
         <property name="logFolder" value="/Users/dudu/git/asm3-jpet/Reports/20240905_221159/Searching/Search/20240905_221200"/>
         <property name="logFiles" value="/Users/dudu/git/asm3-jpet/Reports/20240905_221159/Searching/Search/20240905_221200/execution0.log"/>
         <property name="attachments" value=""/>
         <property name="hostName" value="dudu - dungs-air"/>
         <property name="os" value="Mac OS X 64bit"/>
         <property name="katalonVersion" value="9.6.0.217"/>
         <property name="browser" value="Chrome 128.0.0.0"/>
         <property name="hostAddress" value="192.168.50.211"/>
         <property name="sessionId" value="2e144c702a9a84597c74a7385c3154e0"/>
         <property name="seleniumVersion" value="3.141.59"/>
         <property name="proxyInformation" value="ProxyInformation { proxyOption=NO_PROXY, proxyServerType=HTTP, username=, password=********, proxyServerAddress=, proxyServerPort=0, executionList=&quot;&quot;, isApplyToDesiredCapabilities=true }"/>
         <property name="platform" value="Mac OS X"/>
      </properties>
      <testcase name="Test Cases/Searching/Search Product By Category" time="5.603" classname="Test Cases/Searching/Search Product By Category" status="FAILED">
         <failure type="FAILED" message="Test Cases/Searching/Search Product By Category FAILED.&#xa;Reason:&#xa;java.lang.AssertionError: The table does not contain 'Reptiles'.. Expression: isReptilesPresent. Values: isReptilesPresent = false&#xa;	at Search Product By Category.run(Search Product By Category:48)&#xa;	at com.kms.katalon.core.main.ScriptEngine.run(ScriptEngine.java:194)&#xa;	at com.kms.katalon.core.main.ScriptEngine.runScriptAsRawText(ScriptEngine.java:119)&#xa;	at com.kms.katalon.core.main.TestCaseExecutor.runScript(TestCaseExecutor.java:448)&#xa;	at com.kms.katalon.core.main.TestCaseExecutor.doExecute(TestCaseExecutor.java:439)&#xa;	at com.kms.katalon.core.main.TestCaseExecutor.processExecutionPhase(TestCaseExecutor.java:418)&#xa;	at com.kms.katalon.core.main.TestCaseExecutor.accessMainPhase(TestCaseExecutor.java:410)&#xa;	at com.kms.katalon.core.main.TestCaseExecutor.execute(TestCaseExecutor.java:285)&#xa;	at com.kms.katalon.core.main.TestCaseExecutor.execute(TestCaseExecutor.java:369)&#xa;	at com.kms.katalon.core.main.TestCaseExecutor.execute(TestCaseExecutor.java:369)&#xa;	at com.kms.katalon.core.main.TestCaseExecutor.execute(TestCaseExecutor.java:369)&#xa;	at com.kms.katalon.core.common.CommonExecutor.accessTestCaseMainPhase(CommonExecutor.java:65)&#xa;	at com.kms.katalon.core.main.TestSuiteExecutor.accessTestSuiteMainPhase(TestSuiteExecutor.java:150)&#xa;	at com.kms.katalon.core.main.TestSuiteExecutor.execute(TestSuiteExecutor.java:106)&#xa;	at com.kms.katalon.core.main.TestCaseMain.startTestSuite(TestCaseMain.java:180)&#xa;	at TempTestSuite1725549120982.run(TempTestSuite1725549120982.groovy:35)&#xa;	at java.base/jdk.internal.reflect.NativeMethodAccessorImpl.invoke0(Native Method)&#xa;	at java.base/jdk.internal.reflect.NativeMethodAccessorImpl.invoke(NativeMethodAccessorImpl.java:77)&#xa;	at java.base/jdk.internal.reflect.DelegatingMethodAccessorImpl.invoke(DelegatingMethodAccessorImpl.java:43)&#xa;"/>
         <system-out><![CDATA[05-09-2024T22:12:21 - [TEST_CASE][FAILED] - Test Cases/Searching/Search Product By Category: Test Cases/Searching/Search Product By Category FAILED.
Reason:
java.lang.AssertionError: The table does not contain 'Reptiles'.. Expression: isReptilesPresent. Values: isReptilesPresent = false
	at Search Product By Category.run(Search Product By Category:48)
	at com.kms.katalon.core.main.ScriptEngine.run(ScriptEngine.java:194)
	at com.kms.katalon.core.main.ScriptEngine.runScriptAsRawText(ScriptEngine.java:119)
	at com.kms.katalon.core.main.TestCaseExecutor.runScript(TestCaseExecutor.java:448)
	at com.kms.katalon.core.main.TestCaseExecutor.doExecute(TestCaseExecutor.java:439)
	at com.kms.katalon.core.main.TestCaseExecutor.processExecutionPhase(TestCaseExecutor.java:418)
	at com.kms.katalon.core.main.TestCaseExecutor.accessMainPhase(TestCaseExecutor.java:410)
	at com.kms.katalon.core.main.TestCaseExecutor.execute(TestCaseExecutor.java:285)
	at com.kms.katalon.core.main.TestCaseExecutor.execute(TestCaseExecutor.java:369)
	at com.kms.katalon.core.main.TestCaseExecutor.execute(TestCaseExecutor.java:369)
	at com.kms.katalon.core.main.TestCaseExecutor.execute(TestCaseExecutor.java:369)
	at com.kms.katalon.core.common.CommonExecutor.accessTestCaseMainPhase(CommonExecutor.java:65)
	at com.kms.katalon.core.main.TestSuiteExecutor.accessTestSuiteMainPhase(TestSuiteExecutor.java:150)
	at com.kms.katalon.core.main.TestSuiteExecutor.execute(TestSuiteExecutor.java:106)
	at com.kms.katalon.core.main.TestCaseMain.startTestSuite(TestCaseMain.java:180)
	at TempTestSuite1725549120982.run(TempTestSuite1725549120982.groovy:35)
	at java.base/jdk.internal.reflect.NativeMethodAccessorImpl.invoke0(Native Method)
	at java.base/jdk.internal.reflect.NativeMethodAccessorImpl.invoke(NativeMethodAccessorImpl.java:77)
	at java.base/jdk.internal.reflect.DelegatingMethodAccessorImpl.invoke(DelegatingMethodAccessorImpl.java:43)


05-09-2024T22:12:21 - [TEST_STEP][PASSED] - openBrowser(""): Browser is opened with url: ''

05-09-2024T22:12:21 - [MESSAGE][WARNING] - A browser is already opened. Closing browser and opening a new one

05-09-2024T22:12:21 - [MESSAGE][INFO] - Starting 'Chrome' driver

05-09-2024T22:12:21 - [MESSAGE][INFO] - User set preference: ['property', '']

05-09-2024T22:12:21 - [MESSAGE][INFO] - Action delay is set to 0 milliseconds

05-09-2024T22:12:22 - [MESSAGE][PASSED] - Browser is opened with url: ''

05-09-2024T22:12:22 - [TEST_STEP][PASSED] - navigateToUrl("https://petstore.octoperf.com/"): Navigate to 'https://petstore.octoperf.com/' successfully

05-09-2024T22:12:23 - [MESSAGE][PASSED] - Navigate to 'https://petstore.octoperf.com/' successfully

05-09-2024T22:12:23 - [TEST_STEP][PASSED] - verifyElementPresent(findTestObject("Object Repository/Search Product/Search Product By Category/h2_Welcome to JPetStore 6"), 0): Object 'Object Repository/Search Product/Search Product By Category/h2_Welcome to JPetStore 6' is present

05-09-2024T22:12:23 - [MESSAGE][WARNING] - Timeout '0' is invalid. Using default page load timeout: '30'

05-09-2024T22:12:23 - [MESSAGE][PASSED] - Object 'Object Repository/Search Product/Search Product By Category/h2_Welcome to JPetStore 6' is present

05-09-2024T22:12:23 - [TEST_STEP][PASSED] - click(findTestObject("Object Repository/Search Product/Search Product By Category/a_Enter the Store")): Object: 'Object Repository/Search Product/Search Product By Category/a_Enter the Store' is clicked on

05-09-2024T22:12:24 - [MESSAGE][PASSED] - Object: 'Object Repository/Search Product/Search Product By Category/a_Enter the Store' is clicked on

05-09-2024T22:12:24 - [TEST_STEP][PASSED] - verifyElementClickable(findTestObject("Object Repository/Search Product/Search Product By Category/input__searchProducts")): Object 'Object Repository/Search Product/Search Product By Category/input__searchProducts' is clickable

05-09-2024T22:12:24 - [MESSAGE][PASSED] - Object 'Object Repository/Search Product/Search Product By Category/input__searchProducts' is clickable

05-09-2024T22:12:24 - [TEST_STEP][PASSED] - setText(findTestObject("Object Repository/Search Product/Search Product By Category/input__keyword"), "reptiles"): Text 'reptiles' is set on object 'Object Repository/Search Product/Search Product By Category/input__keyword'

05-09-2024T22:12:25 - [MESSAGE][PASSED] - Text 'reptiles' is set on object 'Object Repository/Search Product/Search Product By Category/input__keyword'

05-09-2024T22:12:25 - [TEST_STEP][PASSED] - sendKeys(findTestObject("Object Repository/Search Product/Search Product By Category/input__keyword"), Keys.chord(ENTER)): Keys 'ENTER + ' sent to object: 'Object Repository/Search Product/Search Product By Category/input__keyword'

05-09-2024T22:12:26 - [MESSAGE][PASSED] - Keys 'ENTER + ' sent to object: 'Object Repository/Search Product/Search Product By Category/input__keyword'

05-09-2024T22:12:26 - [TEST_STEP][PASSED] - verifyElementVisible(findTestObject("Search Product/Search Product By Category/table_Product IDName")): Object 'Object Repository/Search Product/Search Product By Category/table_Product IDName' is visible

05-09-2024T22:12:26 - [MESSAGE][PASSED] - Object 'Object Repository/Search Product/Search Product By Category/table_Product IDName' is visible

05-09-2024T22:12:26 - [TEST_STEP][PASSED] - table = findTestObject("Object Repository/Search Product/Search Product By Category/table_Product IDName"): null

05-09-2024T22:12:26 - [TEST_STEP][PASSED] - tableText = getText(table): Text of object 'Object Repository/Search Product/Search Product By Category/table_Product IDName' is: '  Product ID Name'

05-09-2024T22:12:26 - [MESSAGE][PASSED] - Text of object 'Object Repository/Search Product/Search Product By Category/table_Product IDName' is: '  Product ID Name'

05-09-2024T22:12:26 - [TEST_STEP][PASSED] - isReptilesPresent = tableText.contains("Reptiles"): null

05-09-2024T22:12:26 - [TEST_STEP][FAILED] - assert isReptilesPresent : "The table does not contain 'Reptiles'.": Test Cases/Searching/Search Product By Category FAILED.
Reason:
java.lang.AssertionError: The table does not contain 'Reptiles'.. Expression: isReptilesPresent. Values: isReptilesPresent = false
	at Search Product By Category.run(Search Product By Category:48)
	at com.kms.katalon.core.main.ScriptEngine.run(ScriptEngine.java:194)
	at com.kms.katalon.core.main.ScriptEngine.runScriptAsRawText(ScriptEngine.java:119)
	at com.kms.katalon.core.main.TestCaseExecutor.runScript(TestCaseExecutor.java:448)
	at com.kms.katalon.core.main.TestCaseExecutor.doExecute(TestCaseExecutor.java:439)
	at com.kms.katalon.core.main.TestCaseExecutor.processExecutionPhase(TestCaseExecutor.java:418)
	at com.kms.katalon.core.main.TestCaseExecutor.accessMainPhase(TestCaseExecutor.java:410)
	at com.kms.katalon.core.main.TestCaseExecutor.execute(TestCaseExecutor.java:285)
	at com.kms.katalon.core.main.TestCaseExecutor.execute(TestCaseExecutor.java:369)
	at com.kms.katalon.core.main.TestCaseExecutor.execute(TestCaseExecutor.java:369)
	at com.kms.katalon.core.main.TestCaseExecutor.execute(TestCaseExecutor.java:369)
	at com.kms.katalon.core.common.CommonExecutor.accessTestCaseMainPhase(CommonExecutor.java:65)
	at com.kms.katalon.core.main.TestSuiteExecutor.accessTestSuiteMainPhase(TestSuiteExecutor.java:150)
	at com.kms.katalon.core.main.TestSuiteExecutor.execute(TestSuiteExecutor.java:106)
	at com.kms.katalon.core.main.TestCaseMain.startTestSuite(TestCaseMain.java:180)
	at TempTestSuite1725549120982.run(TempTestSuite1725549120982.groovy:35)
	at java.base/jdk.internal.reflect.NativeMethodAccessorImpl.invoke0(Native Method)
	at java.base/jdk.internal.reflect.NativeMethodAccessorImpl.invoke(NativeMethodAccessorImpl.java:77)
	at java.base/jdk.internal.reflect.DelegatingMethodAccessorImpl.invoke(DelegatingMethodAccessorImpl.java:43)


05-09-2024T22:12:26 - [MESSAGE][FAILED] - Test Cases/Searching/Search Product By Category FAILED.
Reason:
java.lang.AssertionError: The table does not contain 'Reptiles'.. Expression: isReptilesPresent. Values: isReptilesPresent = false
	at Search Product By Category.run(Search Product By Category:48)
	at com.kms.katalon.core.main.ScriptEngine.run(ScriptEngine.java:194)
	at com.kms.katalon.core.main.ScriptEngine.runScriptAsRawText(ScriptEngine.java:119)
	at com.kms.katalon.core.main.TestCaseExecutor.runScript(TestCaseExecutor.java:448)
	at com.kms.katalon.core.main.TestCaseExecutor.doExecute(TestCaseExecutor.java:439)
	at com.kms.katalon.core.main.TestCaseExecutor.processExecutionPhase(TestCaseExecutor.java:418)
	at com.kms.katalon.core.main.TestCaseExecutor.accessMainPhase(TestCaseExecutor.java:410)
	at com.kms.katalon.core.main.TestCaseExecutor.execute(TestCaseExecutor.java:285)
	at com.kms.katalon.core.main.TestCaseExecutor.execute(TestCaseExecutor.java:369)
	at com.kms.katalon.core.main.TestCaseExecutor.execute(TestCaseExecutor.java:369)
	at com.kms.katalon.core.main.TestCaseExecutor.execute(TestCaseExecutor.java:369)
	at com.kms.katalon.core.common.CommonExecutor.accessTestCaseMainPhase(CommonExecutor.java:65)
	at com.kms.katalon.core.main.TestSuiteExecutor.accessTestSuiteMainPhase(TestSuiteExecutor.java:150)
	at com.kms.katalon.core.main.TestSuiteExecutor.execute(TestSuiteExecutor.java:106)
	at com.kms.katalon.core.main.TestCaseMain.startTestSuite(TestCaseMain.java:180)
	at TempTestSuite1725549120982.run(TempTestSuite1725549120982.groovy:35)
	at java.base/jdk.internal.reflect.NativeMethodAccessorImpl.invoke0(Native Method)
	at java.base/jdk.internal.reflect.NativeMethodAccessorImpl.invoke(NativeMethodAccessorImpl.java:77)
	at java.base/jdk.internal.reflect.DelegatingMethodAccessorImpl.invoke(DelegatingMethodAccessorImpl.java:43)]]></system-out>
         <system-err><![CDATA[05-09-2024T22:12:21 - [TEST_CASE][FAILED] - Test Cases/Searching/Search Product By Category: Test Cases/Searching/Search Product By Category FAILED.
Reason:
java.lang.AssertionError: The table does not contain 'Reptiles'.. Expression: isReptilesPresent. Values: isReptilesPresent = false
	at Search Product By Category.run(Search Product By Category:48)
	at com.kms.katalon.core.main.ScriptEngine.run(ScriptEngine.java:194)
	at com.kms.katalon.core.main.ScriptEngine.runScriptAsRawText(ScriptEngine.java:119)
	at com.kms.katalon.core.main.TestCaseExecutor.runScript(TestCaseExecutor.java:448)
	at com.kms.katalon.core.main.TestCaseExecutor.doExecute(TestCaseExecutor.java:439)
	at com.kms.katalon.core.main.TestCaseExecutor.processExecutionPhase(TestCaseExecutor.java:418)
	at com.kms.katalon.core.main.TestCaseExecutor.accessMainPhase(TestCaseExecutor.java:410)
	at com.kms.katalon.core.main.TestCaseExecutor.execute(TestCaseExecutor.java:285)
	at com.kms.katalon.core.main.TestCaseExecutor.execute(TestCaseExecutor.java:369)
	at com.kms.katalon.core.main.TestCaseExecutor.execute(TestCaseExecutor.java:369)
	at com.kms.katalon.core.main.TestCaseExecutor.execute(TestCaseExecutor.java:369)
	at com.kms.katalon.core.common.CommonExecutor.accessTestCaseMainPhase(CommonExecutor.java:65)
	at com.kms.katalon.core.main.TestSuiteExecutor.accessTestSuiteMainPhase(TestSuiteExecutor.java:150)
	at com.kms.katalon.core.main.TestSuiteExecutor.execute(TestSuiteExecutor.java:106)
	at com.kms.katalon.core.main.TestCaseMain.startTestSuite(TestCaseMain.java:180)
	at TempTestSuite1725549120982.run(TempTestSuite1725549120982.groovy:35)
	at java.base/jdk.internal.reflect.NativeMethodAccessorImpl.invoke0(Native Method)
	at java.base/jdk.internal.reflect.NativeMethodAccessorImpl.invoke(NativeMethodAccessorImpl.java:77)
	at java.base/jdk.internal.reflect.DelegatingMethodAccessorImpl.invoke(DelegatingMethodAccessorImpl.java:43)]]></system-err>
      </testcase>
      <testcase name="Test Cases/Searching/Search Product By Name" time="5.546" classname="Test Cases/Searching/Search Product By Name" status="PASSED">
         <system-out><![CDATA[05-09-2024T22:12:26 - [TEST_CASE][PASSED] - Test Cases/Searching/Search Product By Name: Test Cases/Searching/Search Product By Name

05-09-2024T22:12:26 - [TEST_STEP][PASSED] - openBrowser(""): Browser is opened with url: ''

05-09-2024T22:12:26 - [MESSAGE][WARNING] - A browser is already opened. Closing browser and opening a new one

05-09-2024T22:12:26 - [MESSAGE][INFO] - Starting 'Chrome' driver

05-09-2024T22:12:26 - [MESSAGE][INFO] - User set preference: ['property', '']

05-09-2024T22:12:26 - [MESSAGE][INFO] - Action delay is set to 0 milliseconds

05-09-2024T22:12:27 - [MESSAGE][PASSED] - Browser is opened with url: ''

05-09-2024T22:12:27 - [TEST_STEP][PASSED] - navigateToUrl("https://petstore.octoperf.com/"): Navigate to 'https://petstore.octoperf.com/' successfully

05-09-2024T22:12:28 - [MESSAGE][PASSED] - Navigate to 'https://petstore.octoperf.com/' successfully

05-09-2024T22:12:28 - [TEST_STEP][PASSED] - verifyElementPresent(findTestObject("Object Repository/Search Product/Search Product By Name/h2_Welcome to JPetStore 6"), 0): Object 'Object Repository/Search Product/Search Product By Name/h2_Welcome to JPetStore 6' is present

05-09-2024T22:12:28 - [MESSAGE][WARNING] - Timeout '0' is invalid. Using default page load timeout: '30'

05-09-2024T22:12:28 - [MESSAGE][PASSED] - Object 'Object Repository/Search Product/Search Product By Name/h2_Welcome to JPetStore 6' is present

05-09-2024T22:12:28 - [TEST_STEP][PASSED] - click(findTestObject("Object Repository/Search Product/Search Product By Name/a_Enter the Store")): Object: 'Object Repository/Search Product/Search Product By Name/a_Enter the Store' is clicked on

05-09-2024T22:12:30 - [MESSAGE][PASSED] - Object: 'Object Repository/Search Product/Search Product By Name/a_Enter the Store' is clicked on

05-09-2024T22:12:30 - [TEST_STEP][PASSED] - verifyElementClickable(findTestObject("Object Repository/Search Product/Search Product By Name/input__searchProducts")): Object 'Object Repository/Search Product/Search Product By Name/input__searchProducts' is clickable

05-09-2024T22:12:30 - [MESSAGE][PASSED] - Object 'Object Repository/Search Product/Search Product By Name/input__searchProducts' is clickable

05-09-2024T22:12:30 - [TEST_STEP][PASSED] - setText(findTestObject("Object Repository/Search Product/Search Product By Name/input__keyword"), "goldfish"): Text 'goldfish' is set on object 'Object Repository/Search Product/Search Product By Name/input__keyword'

05-09-2024T22:12:30 - [MESSAGE][PASSED] - Text 'goldfish' is set on object 'Object Repository/Search Product/Search Product By Name/input__keyword'

05-09-2024T22:12:30 - [TEST_STEP][PASSED] - sendKeys(findTestObject("Object Repository/Search Product/Search Product By Name/input__keyword"), Keys.chord(ENTER)): Keys 'ENTER + ' sent to object: 'Object Repository/Search Product/Search Product By Name/input__keyword'

05-09-2024T22:12:31 - [MESSAGE][PASSED] - Keys 'ENTER + ' sent to object: 'Object Repository/Search Product/Search Product By Name/input__keyword'

05-09-2024T22:12:31 - [TEST_STEP][PASSED] - verifyElementVisible(findTestObject("Search Product/Search Product By Name/table_Product IDName")): Object 'Object Repository/Search Product/Search Product By Name/table_Product IDName' is visible

05-09-2024T22:12:31 - [MESSAGE][PASSED] - Object 'Object Repository/Search Product/Search Product By Name/table_Product IDName' is visible

05-09-2024T22:12:31 - [TEST_STEP][PASSED] - table = findTestObject("Object Repository/Search Product/Search Product By Name/table_Product IDName"): null

05-09-2024T22:12:31 - [TEST_STEP][PASSED] - tableText = getText(table): Text of object 'Object Repository/Search Product/Search Product By Name/table_Product IDName' is: '  Product ID Name
Fresh Water fish from China FI-FW-02 Goldfish'

05-09-2024T22:12:32 - [MESSAGE][PASSED] - Text of object 'Object Repository/Search Product/Search Product By Name/table_Product IDName' is: '  Product ID Name
Fresh Water fish from China FI-FW-02 Goldfish'

05-09-2024T22:12:32 - [TEST_STEP][PASSED] - isGoldfishPresent = tableText.contains("Goldfish"): null

05-09-2024T22:12:32 - [TEST_STEP][PASSED] - assert isGoldfishPresent : "The table does not contain 'Goldfish'.": null

05-09-2024T22:12:32 - [TEST_STEP][PASSED] - closeBrowser(): Browser is closed

05-09-2024T22:12:32 - [MESSAGE][PASSED] - Browser is closed]]></system-out>
         <system-err><![CDATA[]]></system-err>
      </testcase>
      <system-out><![CDATA[05-09-2024T22:12:03 - [TEST_SUITE][FAILED] - Search: Test Cases/Searching/Search Product By Category FAILED.
Reason:
java.lang.AssertionError: The table does not contain 'Reptiles'.. Expression: isReptilesPresent. Values: isReptilesPresent = false
	at Search Product By Category.run(Search Product By Category:48)
	at com.kms.katalon.core.main.ScriptEngine.run(ScriptEngine.java:194)
	at com.kms.katalon.core.main.ScriptEngine.runScriptAsRawText(ScriptEngine.java:119)
	at com.kms.katalon.core.main.TestCaseExecutor.runScript(TestCaseExecutor.java:448)
	at com.kms.katalon.core.main.TestCaseExecutor.doExecute(TestCaseExecutor.java:439)
	at com.kms.katalon.core.main.TestCaseExecutor.processExecutionPhase(TestCaseExecutor.java:418)
	at com.kms.katalon.core.main.TestCaseExecutor.accessMainPhase(TestCaseExecutor.java:410)
	at com.kms.katalon.core.main.TestCaseExecutor.execute(TestCaseExecutor.java:285)
	at com.kms.katalon.core.common.CommonExecutor.accessTestCaseMainPhase(CommonExecutor.java:65)
	at com.kms.katalon.core.main.TestSuiteExecutor.accessTestSuiteMainPhase(TestSuiteExecutor.java:150)
	at com.kms.katalon.core.main.TestSuiteExecutor.execute(TestSuiteExecutor.java:106)
	at com.kms.katalon.core.main.TestCaseMain.startTestSuite(TestCaseMain.java:180)
	at TempTestSuite1725549120982.run(TempTestSuite1725549120982.groovy:35)
	at java.base/jdk.internal.reflect.NativeMethodAccessorImpl.invoke0(Native Method)
	at java.base/jdk.internal.reflect.NativeMethodAccessorImpl.invoke(NativeMethodAccessorImpl.java:77)
	at java.base/jdk.internal.reflect.DelegatingMethodAccessorImpl.invoke(DelegatingMethodAccessorImpl.java:43)]]></system-out>
      <system-err><![CDATA[05-09-2024T22:12:03 - [TEST_SUITE][FAILED] - Search: Test Cases/Searching/Search Product By Category FAILED.
Reason:
java.lang.AssertionError: The table does not contain 'Reptiles'.. Expression: isReptilesPresent. Values: isReptilesPresent = false
	at Search Product By Category.run(Search Product By Category:48)
	at com.kms.katalon.core.main.ScriptEngine.run(ScriptEngine.java:194)
	at com.kms.katalon.core.main.ScriptEngine.runScriptAsRawText(ScriptEngine.java:119)
	at com.kms.katalon.core.main.TestCaseExecutor.runScript(TestCaseExecutor.java:448)
	at com.kms.katalon.core.main.TestCaseExecutor.doExecute(TestCaseExecutor.java:439)
	at com.kms.katalon.core.main.TestCaseExecutor.processExecutionPhase(TestCaseExecutor.java:418)
	at com.kms.katalon.core.main.TestCaseExecutor.accessMainPhase(TestCaseExecutor.java:410)
	at com.kms.katalon.core.main.TestCaseExecutor.execute(TestCaseExecutor.java:285)
	at com.kms.katalon.core.common.CommonExecutor.accessTestCaseMainPhase(CommonExecutor.java:65)
	at com.kms.katalon.core.main.TestSuiteExecutor.accessTestSuiteMainPhase(TestSuiteExecutor.java:150)
	at com.kms.katalon.core.main.TestSuiteExecutor.execute(TestSuiteExecutor.java:106)
	at com.kms.katalon.core.main.TestCaseMain.startTestSuite(TestCaseMain.java:180)
	at TempTestSuite1725549120982.run(TempTestSuite1725549120982.groovy:35)
	at java.base/jdk.internal.reflect.NativeMethodAccessorImpl.invoke0(Native Method)
	at java.base/jdk.internal.reflect.NativeMethodAccessorImpl.invoke(NativeMethodAccessorImpl.java:77)
	at java.base/jdk.internal.reflect.DelegatingMethodAccessorImpl.invoke(DelegatingMethodAccessorImpl.java:43)]]></system-err>
   </testsuite>
</testsuites>
