<?xml version="1.0" encoding="UTF-8"?>
<testsuites name="Refresh The Page After Add A Product To Cart" time="36.857" tests="1" failures="1" errors="0">
   <testsuite name="Refresh The Page After Add A Product To Cart" tests="1" failures="1" errors="0" time="36.857" skipped="0" timestamp="17-09-2024T15:56:55" hostname="PC - DESKTOP-QCB13V0" id="Test Suites/Add To Cart/Refresh The Page After Add A Product To Cart">
      <properties>
         <property name="deviceName" value=""/>
         <property name="devicePlatform"/>
         <property name="logFolder" value="C:\\Users\\PC\\AppData\\Roaming\\SPB_Data\\git\\asm3-jpet\\Reports\\20240917_155652\\Add To Cart\\Refresh The Page After Add A Product To Cart\\20240917_155652"/>
         <property name="logFiles" value="C:\\Users\\PC\\AppData\\Roaming\\SPB_Data\\git\\asm3-jpet\\Reports\\20240917_155652\\Add To Cart\\Refresh The Page After Add A Product To Cart\\20240917_155652\\execution0.log"/>
         <property name="attachments" value=""/>
         <property name="hostName" value="PC - DESKTOP-QCB13V0"/>
         <property name="os" value="Windows 10 64bit"/>
         <property name="katalonVersion" value="9.6.0.217"/>
         <property name="browser" value="Chrome 128.0.0.0"/>
         <property name="hostAddress" value="192.168.1.109"/>
         <property name="sessionId" value="df19f506eb40b8f5edb1d067e9185eec"/>
         <property name="seleniumVersion" value="3.141.59"/>
         <property name="proxyInformation" value="ProxyInformation { proxyOption=NO_PROXY, proxyServerType=HTTP, username=, password=********, proxyServerAddress=, proxyServerPort=0, executionList=&quot;&quot;, isApplyToDesiredCapabilities=true }"/>
         <property name="platform" value="Windows 10"/>
      </properties>
      <testcase name="Test Cases/Add To Cart/Refresh The Page After Add A Product To Cart" time="8.788" classname="Test Cases/Add To Cart/Refresh The Page After Add A Product To Cart" status="FAILED">
         <failure type="FAILED" message="Test Cases/Add To Cart/Refresh The Page After Add A Product To Cart FAILED.&#xa;Reason:&#xa;java.lang.AssertionError: Expected quantity is '1', but found '2'. Expression: (quantity == 1). Values: quantity = 2&#xa;	at Refresh The Page After Add A Product To Cart.run(Refresh The Page After Add A Product To Cart:75)&#xa;	at com.kms.katalon.core.main.ScriptEngine.run(ScriptEngine.java:194)&#xa;	at com.kms.katalon.core.main.ScriptEngine.runScriptAsRawText(ScriptEngine.java:119)&#xa;	at com.kms.katalon.core.main.TestCaseExecutor.runScript(TestCaseExecutor.java:448)&#xa;	at com.kms.katalon.core.main.TestCaseExecutor.doExecute(TestCaseExecutor.java:439)&#xa;	at com.kms.katalon.core.main.TestCaseExecutor.processExecutionPhase(TestCaseExecutor.java:418)&#xa;	at com.kms.katalon.core.main.TestCaseExecutor.accessMainPhase(TestCaseExecutor.java:410)&#xa;	at com.kms.katalon.core.main.TestCaseExecutor.execute(TestCaseExecutor.java:285)&#xa;	at com.kms.katalon.core.main.TestCaseExecutor.execute(TestCaseExecutor.java:369)&#xa;	at com.kms.katalon.core.main.TestCaseExecutor.execute(TestCaseExecutor.java:369)&#xa;	at com.kms.katalon.core.main.TestCaseExecutor.execute(TestCaseExecutor.java:369)&#xa;	at com.kms.katalon.core.common.CommonExecutor.accessTestCaseMainPhase(CommonExecutor.java:65)&#xa;	at com.kms.katalon.core.main.TestSuiteExecutor.accessTestSuiteMainPhase(TestSuiteExecutor.java:150)&#xa;	at com.kms.katalon.core.main.TestSuiteExecutor.execute(TestSuiteExecutor.java:106)&#xa;	at com.kms.katalon.core.main.TestCaseMain.startTestSuite(TestCaseMain.java:180)&#xa;	at TempTestSuite1726563412431.run(TempTestSuite1726563412431.groovy:35)&#xa;	at java.base/jdk.internal.reflect.NativeMethodAccessorImpl.invoke0(Native Method)&#xa;	at java.base/jdk.internal.reflect.NativeMethodAccessorImpl.invoke(NativeMethodAccessorImpl.java:77)&#xa;	at java.base/jdk.internal.reflect.DelegatingMethodAccessorImpl.invoke(DelegatingMethodAccessorImpl.java:43)&#xa;"/>
         <system-out><![CDATA[17-09-2024T15:57:23 - [TEST_CASE][FAILED] - Test Cases/Add To Cart/Refresh The Page After Add A Product To Cart: Test Cases/Add To Cart/Refresh The Page After Add A Product To Cart FAILED.
Reason:
java.lang.AssertionError: Expected quantity is '1', but found '2'. Expression: (quantity == 1). Values: quantity = 2
	at Refresh The Page After Add A Product To Cart.run(Refresh The Page After Add A Product To Cart:75)
	at com.kms.katalon.core.main.ScriptEngine.run(ScriptEngine.java:194)
	at com.kms.katalon.core.main.ScriptEngine.runScriptAsRawText(ScriptEngine.java:119)
	at com.kms.katalon.core.main.TestCaseExecutor.runScript(TestCaseExecutor.java:448)
	at com.kms.katalon.core.main.TestCaseExecutor.doExecute(TestCaseExecutor.java:439)
	at com.kms.katalon.core.main.TestCaseExecutor.processExecutionPhase(TestCaseExecutor.java:418)
	at com.kms.katalon.core.main.TestCaseExecutor.accessMainPhase(TestCaseExecutor.java:410)
	at com.kms.katalon.core.main.TestCaseExecutor.execute(TestCaseExecutor.java:285)
	at com.kms.katalon.core.main.TestCaseExecutor.execute(TestCaseExecutor.java:369)
	at com.kms.katalon.core.main.TestCaseExecutor.execute(TestCaseExecutor.java:369)
	at com.kms.katalon.core.main.TestCaseExecutor.execute(TestCaseExecutor.java:369)
	at com.kms.katalon.core.common.CommonExecutor.accessTestCaseMainPhase(CommonExecutor.java:65)
	at com.kms.katalon.core.main.TestSuiteExecutor.accessTestSuiteMainPhase(TestSuiteExecutor.java:150)
	at com.kms.katalon.core.main.TestSuiteExecutor.execute(TestSuiteExecutor.java:106)
	at com.kms.katalon.core.main.TestCaseMain.startTestSuite(TestCaseMain.java:180)
	at TempTestSuite1726563412431.run(TempTestSuite1726563412431.groovy:35)
	at java.base/jdk.internal.reflect.NativeMethodAccessorImpl.invoke0(Native Method)
	at java.base/jdk.internal.reflect.NativeMethodAccessorImpl.invoke(NativeMethodAccessorImpl.java:77)
	at java.base/jdk.internal.reflect.DelegatingMethodAccessorImpl.invoke(DelegatingMethodAccessorImpl.java:43)


17-09-2024T15:57:23 - [TEST_STEP][PASSED] - openBrowser(""): Browser is opened with url: ''

17-09-2024T15:57:23 - [MESSAGE][WARNING] - A browser is already opened. Closing browser and opening a new one

17-09-2024T15:57:23 - [MESSAGE][INFO] - Starting 'Chrome' driver

17-09-2024T15:57:23 - [MESSAGE][INFO] - Action delay is set to 0 milliseconds

17-09-2024T15:57:24 - [MESSAGE][PASSED] - Browser is opened with url: ''

17-09-2024T15:57:24 - [TEST_STEP][PASSED] - navigateToUrl("https://petstore.octoperf.com/"): Navigate to 'https://petstore.octoperf.com/' successfully

17-09-2024T15:57:25 - [MESSAGE][PASSED] - Navigate to 'https://petstore.octoperf.com/' successfully

17-09-2024T15:57:25 - [TEST_STEP][PASSED] - verifyElementVisible(findTestObject("Object Repository/Add To Cart/Refresh The Page After Add A Product To Cart/a_Enter the Store")): Object 'Object Repository/Add To Cart/Refresh The Page After Add A Product To Cart/a_Enter the Store' is visible

17-09-2024T15:57:25 - [MESSAGE][PASSED] - Object 'Object Repository/Add To Cart/Refresh The Page After Add A Product To Cart/a_Enter the Store' is visible

17-09-2024T15:57:25 - [TEST_STEP][PASSED] - click(findTestObject("Object Repository/Add To Cart/Refresh The Page After Add A Product To Cart/a_Enter the Store")): Object: 'Object Repository/Add To Cart/Refresh The Page After Add A Product To Cart/a_Enter the Store' is clicked on

17-09-2024T15:57:26 - [MESSAGE][PASSED] - Object: 'Object Repository/Add To Cart/Refresh The Page After Add A Product To Cart/a_Enter the Store' is clicked on

17-09-2024T15:57:26 - [TEST_STEP][PASSED] - verifyElementVisible(findTestObject("Object Repository/Add To Cart/Refresh The Page After Add A Product To Cart/img")): Object 'Object Repository/Add To Cart/Refresh The Page After Add A Product To Cart/img' is visible

17-09-2024T15:57:26 - [MESSAGE][PASSED] - Object 'Object Repository/Add To Cart/Refresh The Page After Add A Product To Cart/img' is visible

17-09-2024T15:57:26 - [TEST_STEP][PASSED] - click(findTestObject("Object Repository/Add To Cart/Refresh The Page After Add A Product To Cart/img")): Object: 'Object Repository/Add To Cart/Refresh The Page After Add A Product To Cart/img' is clicked on

17-09-2024T15:57:27 - [MESSAGE][PASSED] - Object: 'Object Repository/Add To Cart/Refresh The Page After Add A Product To Cart/img' is clicked on

17-09-2024T15:57:27 - [TEST_STEP][PASSED] - verifyElementVisible(findTestObject("Object Repository/Add To Cart/Refresh The Page After Add A Product To Cart/a_FI-SW-01")): Object 'Object Repository/Add To Cart/Refresh The Page After Add A Product To Cart/a_FI-SW-01' is visible

17-09-2024T15:57:27 - [MESSAGE][PASSED] - Object 'Object Repository/Add To Cart/Refresh The Page After Add A Product To Cart/a_FI-SW-01' is visible

17-09-2024T15:57:27 - [TEST_STEP][PASSED] - click(findTestObject("Object Repository/Add To Cart/Refresh The Page After Add A Product To Cart/a_FI-SW-01")): Object: 'Object Repository/Add To Cart/Refresh The Page After Add A Product To Cart/a_FI-SW-01' is clicked on

17-09-2024T15:57:27 - [MESSAGE][PASSED] - Object: 'Object Repository/Add To Cart/Refresh The Page After Add A Product To Cart/a_FI-SW-01' is clicked on

17-09-2024T15:57:27 - [TEST_STEP][PASSED] - verifyElementVisible(findTestObject("Object Repository/Add To Cart/Refresh The Page After Add A Product To Cart/a_Add to Cart")): Object 'Object Repository/Add To Cart/Refresh The Page After Add A Product To Cart/a_Add to Cart' is visible

17-09-2024T15:57:28 - [MESSAGE][PASSED] - Object 'Object Repository/Add To Cart/Refresh The Page After Add A Product To Cart/a_Add to Cart' is visible

17-09-2024T15:57:28 - [TEST_STEP][PASSED] - click(findTestObject("Object Repository/Add To Cart/Refresh The Page After Add A Product To Cart/a_Add to Cart")): Object: 'Object Repository/Add To Cart/Refresh The Page After Add A Product To Cart/a_Add to Cart' is clicked on

17-09-2024T15:57:28 - [MESSAGE][PASSED] - Object: 'Object Repository/Add To Cart/Refresh The Page After Add A Product To Cart/a_Add to Cart' is clicked on

17-09-2024T15:57:28 - [TEST_STEP][PASSED] - verifyElementVisible(findTestObject("Object Repository/Add To Cart/Refresh The Page After Add A Product To Cart/a_EST-1")): Object 'Object Repository/Add To Cart/Refresh The Page After Add A Product To Cart/a_EST-1' is visible

17-09-2024T15:57:28 - [MESSAGE][PASSED] - Object 'Object Repository/Add To Cart/Refresh The Page After Add A Product To Cart/a_EST-1' is visible

17-09-2024T15:57:28 - [TEST_STEP][PASSED] - itemId = getText(findTestObject("Object Repository/Add To Cart/Refresh The Page After Add A Product To Cart/a_EST-1")): Text of object 'Object Repository/Add To Cart/Refresh The Page After Add A Product To Cart/a_EST-1' is: 'EST-1'

17-09-2024T15:57:29 - [MESSAGE][PASSED] - Text of object 'Object Repository/Add To Cart/Refresh The Page After Add A Product To Cart/a_EST-1' is: 'EST-1'

17-09-2024T15:57:29 - [TEST_STEP][PASSED] - assert itemId == "EST-1": null

17-09-2024T15:57:29 - [TEST_STEP][PASSED] - verifyElementVisible(findTestObject("Object Repository/Add To Cart/Refresh The Page After Add A Product To Cart/td_FI-SW-01")): Object 'Object Repository/Add To Cart/Refresh The Page After Add A Product To Cart/td_FI-SW-01' is visible

17-09-2024T15:57:29 - [MESSAGE][PASSED] - Object 'Object Repository/Add To Cart/Refresh The Page After Add A Product To Cart/td_FI-SW-01' is visible

17-09-2024T15:57:29 - [TEST_STEP][PASSED] - productId = getText(findTestObject("Object Repository/Add To Cart/Refresh The Page After Add A Product To Cart/td_FI-SW-01")): Text of object 'Object Repository/Add To Cart/Refresh The Page After Add A Product To Cart/td_FI-SW-01' is: 'FI-SW-01'

17-09-2024T15:57:29 - [MESSAGE][PASSED] - Text of object 'Object Repository/Add To Cart/Refresh The Page After Add A Product To Cart/td_FI-SW-01' is: 'FI-SW-01'

17-09-2024T15:57:29 - [TEST_STEP][PASSED] - assert productId == "FI-SW-01": null

17-09-2024T15:57:29 - [TEST_STEP][PASSED] - verifyElementVisible(findTestObject("Object Repository/Add To Cart/Refresh The Page After Add A Product To Cart/input_false_EST-1")): Object 'Object Repository/Add To Cart/Refresh The Page After Add A Product To Cart/input_false_EST-1' is visible

17-09-2024T15:57:29 - [MESSAGE][PASSED] - Object 'Object Repository/Add To Cart/Refresh The Page After Add A Product To Cart/input_false_EST-1' is visible

17-09-2024T15:57:29 - [TEST_STEP][PASSED] - quantityInput = findTestObject("Object Repository/Add To Cart/Refresh The Page After Add A Product To Cart/input_false_EST-1"): null

17-09-2024T15:57:29 - [TEST_STEP][PASSED] - if (quantityInput != null): null

17-09-2024T15:57:29 - [TEST_STEP][PASSED] - quantity = getAttribute(quantityInput, "value"): Attribute 'value' of object 'Object Repository/Add To Cart/Refresh The Page After Add A Product To Cart/input_false_EST-1' is: '1'

17-09-2024T15:57:30 - [MESSAGE][PASSED] - Attribute 'value' of object 'Object Repository/Add To Cart/Refresh The Page After Add A Product To Cart/input_false_EST-1' is: '1'

17-09-2024T15:57:30 - [TEST_STEP][PASSED] - assert quantity == "1": null

17-09-2024T15:57:30 - [TEST_STEP][PASSED] - verifyElementVisible(findTestObject("Object Repository/Add To Cart/Refresh The Page After Add A Product To Cart/td_16.50")): Object 'Object Repository/Add To Cart/Refresh The Page After Add A Product To Cart/td_16.50' is visible

17-09-2024T15:57:30 - [MESSAGE][PASSED] - Object 'Object Repository/Add To Cart/Refresh The Page After Add A Product To Cart/td_16.50' is visible

17-09-2024T15:57:30 - [TEST_STEP][PASSED] - totalCost = getText(findTestObject("Object Repository/Add To Cart/Refresh The Page After Add A Product To Cart/td_16.50")): Text of object 'Object Repository/Add To Cart/Refresh The Page After Add A Product To Cart/td_16.50' is: '$16.50'

17-09-2024T15:57:30 - [MESSAGE][PASSED] - Text of object 'Object Repository/Add To Cart/Refresh The Page After Add A Product To Cart/td_16.50' is: '$16.50'

17-09-2024T15:57:30 - [TEST_STEP][PASSED] - assert totalCost == "$16.50": null

17-09-2024T15:57:30 - [TEST_STEP][PASSED] - refresh(): Refresh successfully

17-09-2024T15:57:30 - [MESSAGE][PASSED] - Refresh successfully

17-09-2024T15:57:30 - [TEST_STEP][PASSED] - verifyElementVisible(findTestObject("Object Repository/Add To Cart/Refresh The Page After Add A Product To Cart/a_EST-1")): Object 'Object Repository/Add To Cart/Refresh The Page After Add A Product To Cart/a_EST-1' is visible

17-09-2024T15:57:31 - [MESSAGE][PASSED] - Object 'Object Repository/Add To Cart/Refresh The Page After Add A Product To Cart/a_EST-1' is visible

17-09-2024T15:57:31 - [TEST_STEP][PASSED] - itemId = getText(findTestObject("Object Repository/Add To Cart/Refresh The Page After Add A Product To Cart/a_EST-1")): Text of object 'Object Repository/Add To Cart/Refresh The Page After Add A Product To Cart/a_EST-1' is: 'EST-1'

17-09-2024T15:57:31 - [MESSAGE][PASSED] - Text of object 'Object Repository/Add To Cart/Refresh The Page After Add A Product To Cart/a_EST-1' is: 'EST-1'

17-09-2024T15:57:31 - [TEST_STEP][PASSED] - assert itemId == "EST-1": null

17-09-2024T15:57:31 - [TEST_STEP][PASSED] - verifyElementVisible(findTestObject("Object Repository/Add To Cart/Refresh The Page After Add A Product To Cart/td_FI-SW-01")): Object 'Object Repository/Add To Cart/Refresh The Page After Add A Product To Cart/td_FI-SW-01' is visible

17-09-2024T15:57:31 - [MESSAGE][PASSED] - Object 'Object Repository/Add To Cart/Refresh The Page After Add A Product To Cart/td_FI-SW-01' is visible

17-09-2024T15:57:31 - [TEST_STEP][PASSED] - productId = getText(findTestObject("Object Repository/Add To Cart/Refresh The Page After Add A Product To Cart/td_FI-SW-01")): Text of object 'Object Repository/Add To Cart/Refresh The Page After Add A Product To Cart/td_FI-SW-01' is: 'FI-SW-01'

17-09-2024T15:57:31 - [MESSAGE][PASSED] - Text of object 'Object Repository/Add To Cart/Refresh The Page After Add A Product To Cart/td_FI-SW-01' is: 'FI-SW-01'

17-09-2024T15:57:31 - [TEST_STEP][PASSED] - assert productId == "FI-SW-01": null

17-09-2024T15:57:31 - [TEST_STEP][PASSED] - verifyElementVisible(findTestObject("Object Repository/Add To Cart/Refresh The Page After Add A Product To Cart/input_false_EST-1")): Object 'Object Repository/Add To Cart/Refresh The Page After Add A Product To Cart/input_false_EST-1' is visible

17-09-2024T15:57:31 - [MESSAGE][PASSED] - Object 'Object Repository/Add To Cart/Refresh The Page After Add A Product To Cart/input_false_EST-1' is visible

17-09-2024T15:57:31 - [TEST_STEP][PASSED] - quantityInput = findTestObject("Object Repository/Add To Cart/Refresh The Page After Add A Product To Cart/input_false_EST-1"): null

17-09-2024T15:57:31 - [TEST_STEP][FAILED] - if (quantityInput != null): Test Cases/Add To Cart/Refresh The Page After Add A Product To Cart FAILED.
Reason:
java.lang.AssertionError: Expected quantity is '1', but found '2'. Expression: (quantity == 1). Values: quantity = 2
	at Refresh The Page After Add A Product To Cart.run(Refresh The Page After Add A Product To Cart:75)
	at com.kms.katalon.core.main.ScriptEngine.run(ScriptEngine.java:194)
	at com.kms.katalon.core.main.ScriptEngine.runScriptAsRawText(ScriptEngine.java:119)
	at com.kms.katalon.core.main.TestCaseExecutor.runScript(TestCaseExecutor.java:448)
	at com.kms.katalon.core.main.TestCaseExecutor.doExecute(TestCaseExecutor.java:439)
	at com.kms.katalon.core.main.TestCaseExecutor.processExecutionPhase(TestCaseExecutor.java:418)
	at com.kms.katalon.core.main.TestCaseExecutor.accessMainPhase(TestCaseExecutor.java:410)
	at com.kms.katalon.core.main.TestCaseExecutor.execute(TestCaseExecutor.java:285)
	at com.kms.katalon.core.main.TestCaseExecutor.execute(TestCaseExecutor.java:369)
	at com.kms.katalon.core.main.TestCaseExecutor.execute(TestCaseExecutor.java:369)
	at com.kms.katalon.core.main.TestCaseExecutor.execute(TestCaseExecutor.java:369)
	at com.kms.katalon.core.common.CommonExecutor.accessTestCaseMainPhase(CommonExecutor.java:65)
	at com.kms.katalon.core.main.TestSuiteExecutor.accessTestSuiteMainPhase(TestSuiteExecutor.java:150)
	at com.kms.katalon.core.main.TestSuiteExecutor.execute(TestSuiteExecutor.java:106)
	at com.kms.katalon.core.main.TestCaseMain.startTestSuite(TestCaseMain.java:180)
	at TempTestSuite1726563412431.run(TempTestSuite1726563412431.groovy:35)
	at java.base/jdk.internal.reflect.NativeMethodAccessorImpl.invoke0(Native Method)
	at java.base/jdk.internal.reflect.NativeMethodAccessorImpl.invoke(NativeMethodAccessorImpl.java:77)
	at java.base/jdk.internal.reflect.DelegatingMethodAccessorImpl.invoke(DelegatingMethodAccessorImpl.java:43)


17-09-2024T15:57:31 - [TEST_STEP][PASSED] - quantity = getAttribute(quantityInput, "value"): Attribute 'value' of object 'Object Repository/Add To Cart/Refresh The Page After Add A Product To Cart/input_false_EST-1' is: '2'

17-09-2024T15:57:32 - [MESSAGE][PASSED] - Attribute 'value' of object 'Object Repository/Add To Cart/Refresh The Page After Add A Product To Cart/input_false_EST-1' is: '2'

17-09-2024T15:57:32 - [TEST_STEP][FAILED] - assert quantity == "1": Test Cases/Add To Cart/Refresh The Page After Add A Product To Cart FAILED.
Reason:
java.lang.AssertionError: Expected quantity is '1', but found '2'. Expression: (quantity == 1). Values: quantity = 2
	at Refresh The Page After Add A Product To Cart.run(Refresh The Page After Add A Product To Cart:75)
	at com.kms.katalon.core.main.ScriptEngine.run(ScriptEngine.java:194)
	at com.kms.katalon.core.main.ScriptEngine.runScriptAsRawText(ScriptEngine.java:119)
	at com.kms.katalon.core.main.TestCaseExecutor.runScript(TestCaseExecutor.java:448)
	at com.kms.katalon.core.main.TestCaseExecutor.doExecute(TestCaseExecutor.java:439)
	at com.kms.katalon.core.main.TestCaseExecutor.processExecutionPhase(TestCaseExecutor.java:418)
	at com.kms.katalon.core.main.TestCaseExecutor.accessMainPhase(TestCaseExecutor.java:410)
	at com.kms.katalon.core.main.TestCaseExecutor.execute(TestCaseExecutor.java:285)
	at com.kms.katalon.core.main.TestCaseExecutor.execute(TestCaseExecutor.java:369)
	at com.kms.katalon.core.main.TestCaseExecutor.execute(TestCaseExecutor.java:369)
	at com.kms.katalon.core.main.TestCaseExecutor.execute(TestCaseExecutor.java:369)
	at com.kms.katalon.core.common.CommonExecutor.accessTestCaseMainPhase(CommonExecutor.java:65)
	at com.kms.katalon.core.main.TestSuiteExecutor.accessTestSuiteMainPhase(TestSuiteExecutor.java:150)
	at com.kms.katalon.core.main.TestSuiteExecutor.execute(TestSuiteExecutor.java:106)
	at com.kms.katalon.core.main.TestCaseMain.startTestSuite(TestCaseMain.java:180)
	at TempTestSuite1726563412431.run(TempTestSuite1726563412431.groovy:35)
	at java.base/jdk.internal.reflect.NativeMethodAccessorImpl.invoke0(Native Method)
	at java.base/jdk.internal.reflect.NativeMethodAccessorImpl.invoke(NativeMethodAccessorImpl.java:77)
	at java.base/jdk.internal.reflect.DelegatingMethodAccessorImpl.invoke(DelegatingMethodAccessorImpl.java:43)


17-09-2024T15:57:32 - [MESSAGE][FAILED] - Test Cases/Add To Cart/Refresh The Page After Add A Product To Cart FAILED.
Reason:
java.lang.AssertionError: Expected quantity is '1', but found '2'. Expression: (quantity == 1). Values: quantity = 2
	at Refresh The Page After Add A Product To Cart.run(Refresh The Page After Add A Product To Cart:75)
	at com.kms.katalon.core.main.ScriptEngine.run(ScriptEngine.java:194)
	at com.kms.katalon.core.main.ScriptEngine.runScriptAsRawText(ScriptEngine.java:119)
	at com.kms.katalon.core.main.TestCaseExecutor.runScript(TestCaseExecutor.java:448)
	at com.kms.katalon.core.main.TestCaseExecutor.doExecute(TestCaseExecutor.java:439)
	at com.kms.katalon.core.main.TestCaseExecutor.processExecutionPhase(TestCaseExecutor.java:418)
	at com.kms.katalon.core.main.TestCaseExecutor.accessMainPhase(TestCaseExecutor.java:410)
	at com.kms.katalon.core.main.TestCaseExecutor.execute(TestCaseExecutor.java:285)
	at com.kms.katalon.core.main.TestCaseExecutor.execute(TestCaseExecutor.java:369)
	at com.kms.katalon.core.main.TestCaseExecutor.execute(TestCaseExecutor.java:369)
	at com.kms.katalon.core.main.TestCaseExecutor.execute(TestCaseExecutor.java:369)
	at com.kms.katalon.core.common.CommonExecutor.accessTestCaseMainPhase(CommonExecutor.java:65)
	at com.kms.katalon.core.main.TestSuiteExecutor.accessTestSuiteMainPhase(TestSuiteExecutor.java:150)
	at com.kms.katalon.core.main.TestSuiteExecutor.execute(TestSuiteExecutor.java:106)
	at com.kms.katalon.core.main.TestCaseMain.startTestSuite(TestCaseMain.java:180)
	at TempTestSuite1726563412431.run(TempTestSuite1726563412431.groovy:35)
	at java.base/jdk.internal.reflect.NativeMethodAccessorImpl.invoke0(Native Method)
	at java.base/jdk.internal.reflect.NativeMethodAccessorImpl.invoke(NativeMethodAccessorImpl.java:77)
	at java.base/jdk.internal.reflect.DelegatingMethodAccessorImpl.invoke(DelegatingMethodAccessorImpl.java:43)]]></system-out>
         <system-err><![CDATA[17-09-2024T15:57:23 - [TEST_CASE][FAILED] - Test Cases/Add To Cart/Refresh The Page After Add A Product To Cart: Test Cases/Add To Cart/Refresh The Page After Add A Product To Cart FAILED.
Reason:
java.lang.AssertionError: Expected quantity is '1', but found '2'. Expression: (quantity == 1). Values: quantity = 2
	at Refresh The Page After Add A Product To Cart.run(Refresh The Page After Add A Product To Cart:75)
	at com.kms.katalon.core.main.ScriptEngine.run(ScriptEngine.java:194)
	at com.kms.katalon.core.main.ScriptEngine.runScriptAsRawText(ScriptEngine.java:119)
	at com.kms.katalon.core.main.TestCaseExecutor.runScript(TestCaseExecutor.java:448)
	at com.kms.katalon.core.main.TestCaseExecutor.doExecute(TestCaseExecutor.java:439)
	at com.kms.katalon.core.main.TestCaseExecutor.processExecutionPhase(TestCaseExecutor.java:418)
	at com.kms.katalon.core.main.TestCaseExecutor.accessMainPhase(TestCaseExecutor.java:410)
	at com.kms.katalon.core.main.TestCaseExecutor.execute(TestCaseExecutor.java:285)
	at com.kms.katalon.core.main.TestCaseExecutor.execute(TestCaseExecutor.java:369)
	at com.kms.katalon.core.main.TestCaseExecutor.execute(TestCaseExecutor.java:369)
	at com.kms.katalon.core.main.TestCaseExecutor.execute(TestCaseExecutor.java:369)
	at com.kms.katalon.core.common.CommonExecutor.accessTestCaseMainPhase(CommonExecutor.java:65)
	at com.kms.katalon.core.main.TestSuiteExecutor.accessTestSuiteMainPhase(TestSuiteExecutor.java:150)
	at com.kms.katalon.core.main.TestSuiteExecutor.execute(TestSuiteExecutor.java:106)
	at com.kms.katalon.core.main.TestCaseMain.startTestSuite(TestCaseMain.java:180)
	at TempTestSuite1726563412431.run(TempTestSuite1726563412431.groovy:35)
	at java.base/jdk.internal.reflect.NativeMethodAccessorImpl.invoke0(Native Method)
	at java.base/jdk.internal.reflect.NativeMethodAccessorImpl.invoke(NativeMethodAccessorImpl.java:77)
	at java.base/jdk.internal.reflect.DelegatingMethodAccessorImpl.invoke(DelegatingMethodAccessorImpl.java:43)]]></system-err>
      </testcase>
      <system-out><![CDATA[17-09-2024T15:56:55 - [TEST_SUITE][FAILED] - Refresh The Page After Add A Product To Cart: Test Cases/Add To Cart/Refresh The Page After Add A Product To Cart FAILED.
Reason:
java.lang.AssertionError: Expected quantity is '1', but found '2'. Expression: (quantity == 1). Values: quantity = 2
	at Refresh The Page After Add A Product To Cart.run(Refresh The Page After Add A Product To Cart:75)
	at com.kms.katalon.core.main.ScriptEngine.run(ScriptEngine.java:194)
	at com.kms.katalon.core.main.ScriptEngine.runScriptAsRawText(ScriptEngine.java:119)
	at com.kms.katalon.core.main.TestCaseExecutor.runScript(TestCaseExecutor.java:448)
	at com.kms.katalon.core.main.TestCaseExecutor.doExecute(TestCaseExecutor.java:439)
	at com.kms.katalon.core.main.TestCaseExecutor.processExecutionPhase(TestCaseExecutor.java:418)
	at com.kms.katalon.core.main.TestCaseExecutor.accessMainPhase(TestCaseExecutor.java:410)
	at com.kms.katalon.core.main.TestCaseExecutor.execute(TestCaseExecutor.java:285)
	at com.kms.katalon.core.common.CommonExecutor.accessTestCaseMainPhase(CommonExecutor.java:65)
	at com.kms.katalon.core.main.TestSuiteExecutor.accessTestSuiteMainPhase(TestSuiteExecutor.java:150)
	at com.kms.katalon.core.main.TestSuiteExecutor.execute(TestSuiteExecutor.java:106)
	at com.kms.katalon.core.main.TestCaseMain.startTestSuite(TestCaseMain.java:180)
	at TempTestSuite1726563412431.run(TempTestSuite1726563412431.groovy:35)
	at java.base/jdk.internal.reflect.NativeMethodAccessorImpl.invoke0(Native Method)
	at java.base/jdk.internal.reflect.NativeMethodAccessorImpl.invoke(NativeMethodAccessorImpl.java:77)
	at java.base/jdk.internal.reflect.DelegatingMethodAccessorImpl.invoke(DelegatingMethodAccessorImpl.java:43)]]></system-out>
      <system-err><![CDATA[17-09-2024T15:56:55 - [TEST_SUITE][FAILED] - Refresh The Page After Add A Product To Cart: Test Cases/Add To Cart/Refresh The Page After Add A Product To Cart FAILED.
Reason:
java.lang.AssertionError: Expected quantity is '1', but found '2'. Expression: (quantity == 1). Values: quantity = 2
	at Refresh The Page After Add A Product To Cart.run(Refresh The Page After Add A Product To Cart:75)
	at com.kms.katalon.core.main.ScriptEngine.run(ScriptEngine.java:194)
	at com.kms.katalon.core.main.ScriptEngine.runScriptAsRawText(ScriptEngine.java:119)
	at com.kms.katalon.core.main.TestCaseExecutor.runScript(TestCaseExecutor.java:448)
	at com.kms.katalon.core.main.TestCaseExecutor.doExecute(TestCaseExecutor.java:439)
	at com.kms.katalon.core.main.TestCaseExecutor.processExecutionPhase(TestCaseExecutor.java:418)
	at com.kms.katalon.core.main.TestCaseExecutor.accessMainPhase(TestCaseExecutor.java:410)
	at com.kms.katalon.core.main.TestCaseExecutor.execute(TestCaseExecutor.java:285)
	at com.kms.katalon.core.common.CommonExecutor.accessTestCaseMainPhase(CommonExecutor.java:65)
	at com.kms.katalon.core.main.TestSuiteExecutor.accessTestSuiteMainPhase(TestSuiteExecutor.java:150)
	at com.kms.katalon.core.main.TestSuiteExecutor.execute(TestSuiteExecutor.java:106)
	at com.kms.katalon.core.main.TestCaseMain.startTestSuite(TestCaseMain.java:180)
	at TempTestSuite1726563412431.run(TempTestSuite1726563412431.groovy:35)
	at java.base/jdk.internal.reflect.NativeMethodAccessorImpl.invoke0(Native Method)
	at java.base/jdk.internal.reflect.NativeMethodAccessorImpl.invoke(NativeMethodAccessorImpl.java:77)
	at java.base/jdk.internal.reflect.DelegatingMethodAccessorImpl.invoke(DelegatingMethodAccessorImpl.java:43)]]></system-err>
   </testsuite>
</testsuites>
